<?xml version="1.0" encoding="UTF-8"?>
<testng-results ignored="0" total="2" passed="2" failed="0" skipped="0">
  <reporter-output>
  </reporter-output>
  <suite started-at="2024-10-04T14:50:11 IST" name="Surefire suite" finished-at="2024-10-04T14:50:11 IST" duration-ms="81">
    <groups>
    </groups>
    <test started-at="2024-10-04T14:50:11 IST" name="Surefire test" finished-at="2024-10-04T14:50:11 IST" duration-ms="81">
      <class name="Demo.Sma1Test">
        <test-method signature="m2()[pri:0, instance:Demo.Sma1Test@78e94dcf]" started-at="2024-10-04T14:50:11 IST" name="m2" finished-at="2024-10-04T14:50:11 IST" duration-ms="0" status="PASS">
          <reporter-output>
          </reporter-output>
        </test-method> <!-- m2 -->
      </class> <!-- Demo.Sma1Test -->
      <class name="Demo.SampleTest">
        <test-method signature="m1()[pri:0, instance:Demo.SampleTest@43ee72e6]" started-at="2024-10-04T14:50:11 IST" name="m1" finished-at="2024-10-04T14:50:11 IST" duration-ms="7" status="PASS">
          <reporter-output>
          </reporter-output>
        </test-method> <!-- m1 -->
      </class> <!-- Demo.SampleTest -->
    </test> <!-- Surefire test -->
  </suite> <!-- Surefire suite -->
</testng-results>
